{"content": {"suites": {"0": {"status": {"total_pass": 0, "total_skip": 0, "total_xpass": 0, "total_xfail": 0, "total_rerun": 0, "total_fail": 2, "total_error": 0}, "tests": {"0": {"status": "FAIL", "message": "   selenium.common.exceptions.NoSuchElementException: Message: Unable to locate element: //span[@class='oxd-userdropdown-tab']\n   Stacktrace:\n   RemoteError@chrome://remote/content/shared/RemoteError.sys.mjs:8:8\n   WebDriverError@chrome://remote/content/shared/webdriver/Errors.sys.mjs:182:5\n   NoSuchElementError@chrome://remote/content/shared/webdriver/Errors.sys.mjs:394:5\n   element.find/</<@chrome://remote/content/marionette/element.sys.mjs:134:16\n       assert False\n", "test_name": "test_login_001", "rerun": "0"}, "1": {"status": "FAIL", "message": "   selenium.common.exceptions.NoSuchWindowException: Message: Browsing context has been discarded\n   Stacktrace:\n   RemoteError@chrome://remote/content/shared/RemoteError.sys.mjs:8:8\n   WebDriverError@chrome://remote/content/shared/webdriver/Errors.sys.mjs:182:5\n   NoSuchWindowError@chrome://remote/content/shared/webdriver/Errors.sys.mjs:457:5\n   assert.that/<@chrome://remote/content/shared/webdriver/Assert.sys.mjs:485:13\n   assert.open@chrome://remote/content/shared/webdriver/Assert.sys.mjs:147:4\n   GeckoDriver.prototype.findElement@chrome://remote/content/marionette/driver.sys.mjs:1480:15\n   despatch@chrome://remote/content/marionette/server.sys.mjs:302:40\n   execute@chrome://remote/content/marionette/server.sys.mjs:275:16\n   onPacket/<@chrome://remote/content/marionette/server.sys.mjs:248:20\n   onPacket@chrome://remote/content/marionette/server.sys.mjs:249:9\n   _onJSONObjectReady/<@chrome://remote/content/marionette/transport.sys.mjs:496:20\n", "test_name": "test_addEmp_002", "rerun": "0"}}, "suite_name": "testCases/test_Login.py"}}}, "date": "May 08, 2023", "start_time": 1683516494.6406302, "total_suite": 1, "status": "FAIL", "status_list": {"pass": "0", "fail": "2", "skip": "0", "error": "0", "xpass": "0", "xfail": "0", "rerun": "0"}, "total_tests": "2"}